{"/app/public/admin/admin.js": {"path":"/app/public/admin/admin.js","statementMap":{"0":{"start":{"line":3,"column":4},"end":{"line":18,"column":74}},"1":{"start":{"line":4,"column":26},"end":{"line":4,"column":41}},"2":{"start":{"line":6,"column":31},"end":{"line":6,"column":102}},"3":{"start":{"line":7,"column":12},"end":{"line":7,"column":38}},"4":{"start":{"line":9,"column":12},"end":{"line":16,"column":15}},"5":{"start":{"line":10,"column":28},"end":{"line":10,"column":50}},"6":{"start":{"line":11,"column":16},"end":{"line":15,"column":18}},"7":{"start":{"line":18,"column":24},"end":{"line":18,"column":72}},"8":{"start":{"line":22,"column":4},"end":{"line":37,"column":77}},"9":{"start":{"line":23,"column":26},"end":{"line":23,"column":41}},"10":{"start":{"line":25,"column":31},"end":{"line":25,"column":102}},"11":{"start":{"line":26,"column":12},"end":{"line":26,"column":38}},"12":{"start":{"line":28,"column":12},"end":{"line":35,"column":15}},"13":{"start":{"line":29,"column":28},"end":{"line":29,"column":50}},"14":{"start":{"line":30,"column":16},"end":{"line":34,"column":18}},"15":{"start":{"line":37,"column":24},"end":{"line":37,"column":75}},"16":{"start":{"line":42,"column":4},"end":{"line":46,"column":5}},"17":{"start":{"line":43,"column":8},"end":{"line":45,"column":78}},"18":{"start":{"line":44,"column":24},"end":{"line":44,"column":36}},"19":{"start":{"line":45,"column":28},"end":{"line":45,"column":76}},"20":{"start":{"line":50,"column":4},"end":{"line":54,"column":5}},"21":{"start":{"line":51,"column":8},"end":{"line":53,"column":81}},"22":{"start":{"line":52,"column":24},"end":{"line":52,"column":36}},"23":{"start":{"line":53,"column":28},"end":{"line":53,"column":79}},"24":{"start":{"line":58,"column":19},"end":{"line":58,"column":21}},"25":{"start":{"line":61,"column":0},"end":{"line":77,"column":3}},"26":{"start":{"line":62,"column":4},"end":{"line":76,"column":7}},"27":{"start":{"line":63,"column":20},"end":{"line":63,"column":46}},"28":{"start":{"line":64,"column":8},"end":{"line":64,"column":25}},"29":{"start":{"line":64,"column":18},"end":{"line":64,"column":25}},"30":{"start":{"line":66,"column":8},"end":{"line":66,"column":55}},"31":{"start":{"line":66,"column":48},"end":{"line":66,"column":55}},"32":{"start":{"line":69,"column":8},"end":{"line":75,"column":9}},"33":{"start":{"line":70,"column":12},"end":{"line":70,"column":45}},"34":{"start":{"line":71,"column":12},"end":{"line":71,"column":63}},"35":{"start":{"line":71,"column":52},"end":{"line":71,"column":61}},"36":{"start":{"line":73,"column":12},"end":{"line":73,"column":42}},"37":{"start":{"line":74,"column":12},"end":{"line":74,"column":35}},"38":{"start":{"line":81,"column":18},"end":{"line":81,"column":50}},"39":{"start":{"line":82,"column":17},"end":{"line":82,"column":63}},"40":{"start":{"line":83,"column":24},"end":{"line":83,"column":77}},"41":{"start":{"line":83,"column":42},"end":{"line":83,"column":76}},"42":{"start":{"line":85,"column":4},"end":{"line":99,"column":5}},"43":{"start":{"line":87,"column":8},"end":{"line":90,"column":11}},"44":{"start":{"line":88,"column":12},"end":{"line":88,"column":45}},"45":{"start":{"line":89,"column":12},"end":{"line":89,"column":63}},"46":{"start":{"line":89,"column":52},"end":{"line":89,"column":61}},"47":{"start":{"line":93,"column":8},"end":{"line":98,"column":11}},"48":{"start":{"line":94,"column":12},"end":{"line":97,"column":13}},"49":{"start":{"line":95,"column":16},"end":{"line":95,"column":46}},"50":{"start":{"line":96,"column":16},"end":{"line":96,"column":39}},"51":{"start":{"line":104,"column":18},"end":{"line":104,"column":50}},"52":{"start":{"line":106,"column":32},"end":{"line":106,"column":87}},"53":{"start":{"line":108,"column":4},"end":{"line":111,"column":5}},"54":{"start":{"line":109,"column":8},"end":{"line":109,"column":71}},"55":{"start":{"line":110,"column":8},"end":{"line":110,"column":15}},"56":{"start":{"line":113,"column":4},"end":{"line":125,"column":7}},"57":{"start":{"line":114,"column":19},"end":{"line":114,"column":52}},"58":{"start":{"line":115,"column":8},"end":{"line":124,"column":9}},"59":{"start":{"line":116,"column":12},"end":{"line":120,"column":13}},"60":{"start":{"line":117,"column":16},"end":{"line":117,"column":31}},"61":{"start":{"line":118,"column":19},"end":{"line":120,"column":13}},"62":{"start":{"line":119,"column":16},"end":{"line":119,"column":31}},"63":{"start":{"line":121,"column":12},"end":{"line":121,"column":25}},"64":{"start":{"line":122,"column":12},"end":{"line":122,"column":63}},"65":{"start":{"line":122,"column":52},"end":{"line":122,"column":61}},"66":{"start":{"line":123,"column":12},"end":{"line":123,"column":61}},"67":{"start":{"line":130,"column":24},"end":{"line":130,"column":83}},"68":{"start":{"line":131,"column":17},"end":{"line":131,"column":67}},"69":{"start":{"line":133,"column":4},"end":{"line":141,"column":7}},"70":{"start":{"line":134,"column":19},"end":{"line":134,"column":55}},"71":{"start":{"line":135,"column":21},"end":{"line":135,"column":57}},"72":{"start":{"line":136,"column":22},"end":{"line":136,"column":58}},"73":{"start":{"line":139,"column":24},"end":{"line":139,"column":109}},"74":{"start":{"line":140,"column":8},"end":{"line":140,"column":50}},"75":{"start":{"line":146,"column":24},"end":{"line":146,"column":83}},"76":{"start":{"line":147,"column":17},"end":{"line":147,"column":67}},"77":{"start":{"line":149,"column":4},"end":{"line":157,"column":7}},"78":{"start":{"line":150,"column":19},"end":{"line":150,"column":55}},"79":{"start":{"line":151,"column":22},"end":{"line":151,"column":58}},"80":{"start":{"line":152,"column":24},"end":{"line":152,"column":60}},"81":{"start":{"line":155,"column":24},"end":{"line":155,"column":112}},"82":{"start":{"line":156,"column":8},"end":{"line":156,"column":50}},"83":{"start":{"line":163,"column":18},"end":{"line":163,"column":50}},"84":{"start":{"line":164,"column":32},"end":{"line":164,"column":87}},"85":{"start":{"line":166,"column":4},"end":{"line":169,"column":5}},"86":{"start":{"line":167,"column":8},"end":{"line":167,"column":61}},"87":{"start":{"line":168,"column":8},"end":{"line":168,"column":15}},"88":{"start":{"line":171,"column":4},"end":{"line":196,"column":7}},"89":{"start":{"line":172,"column":19},"end":{"line":172,"column":52}},"90":{"start":{"line":174,"column":8},"end":{"line":195,"column":9}},"91":{"start":{"line":175,"column":25},"end":{"line":175,"column":47}},"92":{"start":{"line":176,"column":26},"end":{"line":176,"column":48}},"93":{"start":{"line":178,"column":28},"end":{"line":178,"column":63}},"94":{"start":{"line":179,"column":29},"end":{"line":179,"column":66}},"95":{"start":{"line":181,"column":12},"end":{"line":183,"column":13}},"96":{"start":{"line":182,"column":16},"end":{"line":182,"column":61}},"97":{"start":{"line":184,"column":15},"end":{"line":195,"column":9}},"98":{"start":{"line":186,"column":27},"end":{"line":186,"column":49}},"99":{"start":{"line":187,"column":31},"end":{"line":187,"column":53}},"100":{"start":{"line":189,"column":30},"end":{"line":189,"column":69}},"101":{"start":{"line":190,"column":34},"end":{"line":190,"column":81}},"102":{"start":{"line":192,"column":12},"end":{"line":194,"column":13}},"103":{"start":{"line":193,"column":16},"end":{"line":193,"column":55}},"104":{"start":{"line":201,"column":17},"end":{"line":204,"column":5}},"105":{"start":{"line":206,"column":4},"end":{"line":216,"column":72}},"106":{"start":{"line":211,"column":22},"end":{"line":211,"column":37}},"107":{"start":{"line":213,"column":8},"end":{"line":213,"column":52}},"108":{"start":{"line":214,"column":8},"end":{"line":214,"column":21}},"109":{"start":{"line":216,"column":20},"end":{"line":216,"column":70}},"110":{"start":{"line":220,"column":17},"end":{"line":220,"column":70}},"111":{"start":{"line":221,"column":4},"end":{"line":231,"column":69}},"112":{"start":{"line":226,"column":22},"end":{"line":226,"column":37}},"113":{"start":{"line":228,"column":8},"end":{"line":228,"column":49}},"114":{"start":{"line":229,"column":8},"end":{"line":229,"column":21}},"115":{"start":{"line":231,"column":20},"end":{"line":231,"column":67}},"116":{"start":{"line":235,"column":0},"end":{"line":238,"column":3}},"117":{"start":{"line":236,"column":4},"end":{"line":236,"column":17}},"118":{"start":{"line":237,"column":4},"end":{"line":237,"column":17}},"119":{"start":{"line":242,"column":0},"end":{"line":274,"column":3}},"120":{"start":{"line":243,"column":18},"end":{"line":243,"column":52}},"121":{"start":{"line":245,"column":4},"end":{"line":249,"column":5}},"122":{"start":{"line":246,"column":8},"end":{"line":246,"column":71}},"123":{"start":{"line":247,"column":8},"end":{"line":247,"column":53}},"124":{"start":{"line":248,"column":8},"end":{"line":248,"column":15}},"125":{"start":{"line":252,"column":4},"end":{"line":273,"column":7}},"126":{"start":{"line":260,"column":8},"end":{"line":262,"column":9}},"127":{"start":{"line":261,"column":12},"end":{"line":261,"column":59}},"128":{"start":{"line":263,"column":8},"end":{"line":263,"column":31}},"129":{"start":{"line":266,"column":8},"end":{"line":266,"column":43}},"130":{"start":{"line":269,"column":8},"end":{"line":269,"column":55}},"131":{"start":{"line":270,"column":8},"end":{"line":270,"column":56}},"132":{"start":{"line":271,"column":8},"end":{"line":271,"column":46}},"133":{"start":{"line":272,"column":8},"end":{"line":272,"column":53}}},"fnMap":{"0":{"name":"fetchUsers","decl":{"start":{"line":2,"column":9},"end":{"line":2,"column":19}},"loc":{"start":{"line":2,"column":22},"end":{"line":19,"column":1}},"line":2},"1":{"name":"(anonymous_1)","decl":{"start":{"line":4,"column":14},"end":{"line":4,"column":15}},"loc":{"start":{"line":4,"column":26},"end":{"line":4,"column":41}},"line":4},"2":{"name":"(anonymous_2)","decl":{"start":{"line":5,"column":14},"end":{"line":5,"column":15}},"loc":{"start":{"line":5,"column":22},"end":{"line":17,"column":9}},"line":5},"3":{"name":"(anonymous_3)","decl":{"start":{"line":9,"column":25},"end":{"line":9,"column":26}},"loc":{"start":{"line":9,"column":33},"end":{"line":16,"column":13}},"line":9},"4":{"name":"(anonymous_4)","decl":{"start":{"line":18,"column":15},"end":{"line":18,"column":16}},"loc":{"start":{"line":18,"column":24},"end":{"line":18,"column":72}},"line":18},"5":{"name":"fetchPosts","decl":{"start":{"line":21,"column":9},"end":{"line":21,"column":19}},"loc":{"start":{"line":21,"column":22},"end":{"line":38,"column":1}},"line":21},"6":{"name":"(anonymous_6)","decl":{"start":{"line":23,"column":14},"end":{"line":23,"column":15}},"loc":{"start":{"line":23,"column":26},"end":{"line":23,"column":41}},"line":23},"7":{"name":"(anonymous_7)","decl":{"start":{"line":24,"column":14},"end":{"line":24,"column":15}},"loc":{"start":{"line":24,"column":22},"end":{"line":36,"column":9}},"line":24},"8":{"name":"(anonymous_8)","decl":{"start":{"line":28,"column":25},"end":{"line":28,"column":26}},"loc":{"start":{"line":28,"column":33},"end":{"line":35,"column":13}},"line":28},"9":{"name":"(anonymous_9)","decl":{"start":{"line":37,"column":15},"end":{"line":37,"column":16}},"loc":{"start":{"line":37,"column":24},"end":{"line":37,"column":75}},"line":37},"10":{"name":"deleteUser","decl":{"start":{"line":41,"column":9},"end":{"line":41,"column":19}},"loc":{"start":{"line":41,"column":28},"end":{"line":47,"column":1}},"line":41},"11":{"name":"(anonymous_11)","decl":{"start":{"line":44,"column":18},"end":{"line":44,"column":19}},"loc":{"start":{"line":44,"column":24},"end":{"line":44,"column":36}},"line":44},"12":{"name":"(anonymous_12)","decl":{"start":{"line":45,"column":19},"end":{"line":45,"column":20}},"loc":{"start":{"line":45,"column":28},"end":{"line":45,"column":76}},"line":45},"13":{"name":"deletePost","decl":{"start":{"line":49,"column":9},"end":{"line":49,"column":19}},"loc":{"start":{"line":49,"column":28},"end":{"line":55,"column":1}},"line":49},"14":{"name":"(anonymous_14)","decl":{"start":{"line":52,"column":18},"end":{"line":52,"column":19}},"loc":{"start":{"line":52,"column":24},"end":{"line":52,"column":36}},"line":52},"15":{"name":"(anonymous_15)","decl":{"start":{"line":53,"column":19},"end":{"line":53,"column":20}},"loc":{"start":{"line":53,"column":28},"end":{"line":53,"column":79}},"line":53},"16":{"name":"(anonymous_16)","decl":{"start":{"line":61,"column":43},"end":{"line":61,"column":44}},"loc":{"start":{"line":61,"column":52},"end":{"line":77,"column":1}},"line":61},"17":{"name":"(anonymous_17)","decl":{"start":{"line":62,"column":36},"end":{"line":62,"column":37}},"loc":{"start":{"line":62,"column":47},"end":{"line":76,"column":5}},"line":62},"18":{"name":"(anonymous_18)","decl":{"start":{"line":71,"column":47},"end":{"line":71,"column":48}},"loc":{"start":{"line":71,"column":52},"end":{"line":71,"column":61}},"line":71},"19":{"name":"selectAllRows","decl":{"start":{"line":80,"column":9},"end":{"line":80,"column":22}},"loc":{"start":{"line":80,"column":32},"end":{"line":100,"column":1}},"line":80},"20":{"name":"(anonymous_20)","decl":{"start":{"line":83,"column":35},"end":{"line":83,"column":36}},"loc":{"start":{"line":83,"column":42},"end":{"line":83,"column":76}},"line":83},"21":{"name":"(anonymous_21)","decl":{"start":{"line":87,"column":21},"end":{"line":87,"column":22}},"loc":{"start":{"line":87,"column":28},"end":{"line":90,"column":9}},"line":87},"22":{"name":"(anonymous_22)","decl":{"start":{"line":89,"column":47},"end":{"line":89,"column":48}},"loc":{"start":{"line":89,"column":52},"end":{"line":89,"column":61}},"line":89},"23":{"name":"(anonymous_23)","decl":{"start":{"line":93,"column":21},"end":{"line":93,"column":22}},"loc":{"start":{"line":93,"column":28},"end":{"line":98,"column":9}},"line":93},"24":{"name":"deleteSelected","decl":{"start":{"line":103,"column":9},"end":{"line":103,"column":23}},"loc":{"start":{"line":103,"column":33},"end":{"line":126,"column":1}},"line":103},"25":{"name":"(anonymous_25)","decl":{"start":{"line":113,"column":32},"end":{"line":113,"column":33}},"loc":{"start":{"line":113,"column":39},"end":{"line":125,"column":5}},"line":113},"26":{"name":"(anonymous_26)","decl":{"start":{"line":122,"column":47},"end":{"line":122,"column":48}},"loc":{"start":{"line":122,"column":52},"end":{"line":122,"column":61}},"line":122},"27":{"name":"searchUsers","decl":{"start":{"line":129,"column":9},"end":{"line":129,"column":20}},"loc":{"start":{"line":129,"column":23},"end":{"line":142,"column":1}},"line":129},"28":{"name":"(anonymous_28)","decl":{"start":{"line":133,"column":17},"end":{"line":133,"column":18}},"loc":{"start":{"line":133,"column":24},"end":{"line":141,"column":5}},"line":133},"29":{"name":"searchPosts","decl":{"start":{"line":145,"column":9},"end":{"line":145,"column":20}},"loc":{"start":{"line":145,"column":23},"end":{"line":158,"column":1}},"line":145},"30":{"name":"(anonymous_30)","decl":{"start":{"line":149,"column":17},"end":{"line":149,"column":18}},"loc":{"start":{"line":149,"column":24},"end":{"line":157,"column":5}},"line":149},"31":{"name":"editSelected","decl":{"start":{"line":162,"column":9},"end":{"line":162,"column":21}},"loc":{"start":{"line":162,"column":31},"end":{"line":197,"column":1}},"line":162},"32":{"name":"(anonymous_32)","decl":{"start":{"line":171,"column":32},"end":{"line":171,"column":33}},"loc":{"start":{"line":171,"column":39},"end":{"line":196,"column":5}},"line":171},"33":{"name":"editPost","decl":{"start":{"line":200,"column":9},"end":{"line":200,"column":17}},"loc":{"start":{"line":200,"column":51},"end":{"line":217,"column":1}},"line":200},"34":{"name":"(anonymous_34)","decl":{"start":{"line":211,"column":10},"end":{"line":211,"column":11}},"loc":{"start":{"line":211,"column":22},"end":{"line":211,"column":37}},"line":211},"35":{"name":"(anonymous_35)","decl":{"start":{"line":212,"column":10},"end":{"line":212,"column":11}},"loc":{"start":{"line":212,"column":18},"end":{"line":215,"column":5}},"line":212},"36":{"name":"(anonymous_36)","decl":{"start":{"line":216,"column":11},"end":{"line":216,"column":12}},"loc":{"start":{"line":216,"column":20},"end":{"line":216,"column":70}},"line":216},"37":{"name":"editUser","decl":{"start":{"line":219,"column":9},"end":{"line":219,"column":17}},"loc":{"start":{"line":219,"column":77},"end":{"line":232,"column":1}},"line":219},"38":{"name":"(anonymous_38)","decl":{"start":{"line":226,"column":10},"end":{"line":226,"column":11}},"loc":{"start":{"line":226,"column":22},"end":{"line":226,"column":37}},"line":226},"39":{"name":"(anonymous_39)","decl":{"start":{"line":227,"column":10},"end":{"line":227,"column":11}},"loc":{"start":{"line":227,"column":18},"end":{"line":230,"column":5}},"line":227},"40":{"name":"(anonymous_40)","decl":{"start":{"line":231,"column":11},"end":{"line":231,"column":12}},"loc":{"start":{"line":231,"column":20},"end":{"line":231,"column":67}},"line":231},"41":{"name":"(anonymous_41)","decl":{"start":{"line":235,"column":46},"end":{"line":235,"column":47}},"loc":{"start":{"line":235,"column":52},"end":{"line":238,"column":1}},"line":235},"42":{"name":"(anonymous_42)","decl":{"start":{"line":242,"column":46},"end":{"line":242,"column":47}},"loc":{"start":{"line":242,"column":58},"end":{"line":274,"column":1}},"line":242},"43":{"name":"(anonymous_43)","decl":{"start":{"line":259,"column":10},"end":{"line":259,"column":11}},"loc":{"start":{"line":259,"column":22},"end":{"line":264,"column":5}},"line":259},"44":{"name":"(anonymous_44)","decl":{"start":{"line":265,"column":10},"end":{"line":265,"column":11}},"loc":{"start":{"line":265,"column":18},"end":{"line":267,"column":5}},"line":265},"45":{"name":"(anonymous_45)","decl":{"start":{"line":268,"column":11},"end":{"line":268,"column":12}},"loc":{"start":{"line":268,"column":20},"end":{"line":273,"column":5}},"line":268}},"branchMap":{"0":{"loc":{"start":{"line":42,"column":4},"end":{"line":46,"column":5}},"type":"if","locations":[{"start":{"line":42,"column":4},"end":{"line":46,"column":5}},{"start":{},"end":{}}],"line":42},"1":{"loc":{"start":{"line":50,"column":4},"end":{"line":54,"column":5}},"type":"if","locations":[{"start":{"line":50,"column":4},"end":{"line":54,"column":5}},{"start":{},"end":{}}],"line":50},"2":{"loc":{"start":{"line":64,"column":8},"end":{"line":64,"column":25}},"type":"if","locations":[{"start":{"line":64,"column":8},"end":{"line":64,"column":25}},{"start":{},"end":{}}],"line":64},"3":{"loc":{"start":{"line":66,"column":8},"end":{"line":66,"column":55}},"type":"if","locations":[{"start":{"line":66,"column":8},"end":{"line":66,"column":55}},{"start":{},"end":{}}],"line":66},"4":{"loc":{"start":{"line":69,"column":8},"end":{"line":75,"column":9}},"type":"if","locations":[{"start":{"line":69,"column":8},"end":{"line":75,"column":9}},{"start":{"line":72,"column":15},"end":{"line":75,"column":9}}],"line":69},"5":{"loc":{"start":{"line":85,"column":4},"end":{"line":99,"column":5}},"type":"if","locations":[{"start":{"line":85,"column":4},"end":{"line":99,"column":5}},{"start":{"line":91,"column":11},"end":{"line":99,"column":5}}],"line":85},"6":{"loc":{"start":{"line":94,"column":12},"end":{"line":97,"column":13}},"type":"if","locations":[{"start":{"line":94,"column":12},"end":{"line":97,"column":13}},{"start":{},"end":{}}],"line":94},"7":{"loc":{"start":{"line":108,"column":4},"end":{"line":111,"column":5}},"type":"if","locations":[{"start":{"line":108,"column":4},"end":{"line":111,"column":5}},{"start":{},"end":{}}],"line":108},"8":{"loc":{"start":{"line":115,"column":8},"end":{"line":124,"column":9}},"type":"if","locations":[{"start":{"line":115,"column":8},"end":{"line":124,"column":9}},{"start":{},"end":{}}],"line":115},"9":{"loc":{"start":{"line":116,"column":12},"end":{"line":120,"column":13}},"type":"if","locations":[{"start":{"line":116,"column":12},"end":{"line":120,"column":13}},{"start":{"line":118,"column":19},"end":{"line":120,"column":13}}],"line":116},"10":{"loc":{"start":{"line":118,"column":19},"end":{"line":120,"column":13}},"type":"if","locations":[{"start":{"line":118,"column":19},"end":{"line":120,"column":13}},{"start":{},"end":{}}],"line":118},"11":{"loc":{"start":{"line":139,"column":24},"end":{"line":139,"column":109}},"type":"binary-expr","locations":[{"start":{"line":139,"column":24},"end":{"line":139,"column":48}},{"start":{"line":139,"column":52},"end":{"line":139,"column":78}},{"start":{"line":139,"column":82},"end":{"line":139,"column":109}}],"line":139},"12":{"loc":{"start":{"line":140,"column":28},"end":{"line":140,"column":49}},"type":"cond-expr","locations":[{"start":{"line":140,"column":38},"end":{"line":140,"column":40}},{"start":{"line":140,"column":43},"end":{"line":140,"column":49}}],"line":140},"13":{"loc":{"start":{"line":155,"column":24},"end":{"line":155,"column":112}},"type":"binary-expr","locations":[{"start":{"line":155,"column":24},"end":{"line":155,"column":48}},{"start":{"line":155,"column":52},"end":{"line":155,"column":79}},{"start":{"line":155,"column":83},"end":{"line":155,"column":112}}],"line":155},"14":{"loc":{"start":{"line":156,"column":28},"end":{"line":156,"column":49}},"type":"cond-expr","locations":[{"start":{"line":156,"column":38},"end":{"line":156,"column":40}},{"start":{"line":156,"column":43},"end":{"line":156,"column":49}}],"line":156},"15":{"loc":{"start":{"line":166,"column":4},"end":{"line":169,"column":5}},"type":"if","locations":[{"start":{"line":166,"column":4},"end":{"line":169,"column":5}},{"start":{},"end":{}}],"line":166},"16":{"loc":{"start":{"line":174,"column":8},"end":{"line":195,"column":9}},"type":"if","locations":[{"start":{"line":174,"column":8},"end":{"line":195,"column":9}},{"start":{"line":184,"column":15},"end":{"line":195,"column":9}}],"line":174},"17":{"loc":{"start":{"line":181,"column":12},"end":{"line":183,"column":13}},"type":"if","locations":[{"start":{"line":181,"column":12},"end":{"line":183,"column":13}},{"start":{},"end":{}}],"line":181},"18":{"loc":{"start":{"line":181,"column":16},"end":{"line":181,"column":35}},"type":"binary-expr","locations":[{"start":{"line":181,"column":16},"end":{"line":181,"column":23}},{"start":{"line":181,"column":27},"end":{"line":181,"column":35}}],"line":181},"19":{"loc":{"start":{"line":184,"column":15},"end":{"line":195,"column":9}},"type":"if","locations":[{"start":{"line":184,"column":15},"end":{"line":195,"column":9}},{"start":{},"end":{}}],"line":184},"20":{"loc":{"start":{"line":192,"column":12},"end":{"line":194,"column":13}},"type":"if","locations":[{"start":{"line":192,"column":12},"end":{"line":194,"column":13}},{"start":{},"end":{}}],"line":192},"21":{"loc":{"start":{"line":192,"column":16},"end":{"line":192,"column":42}},"type":"binary-expr","locations":[{"start":{"line":192,"column":16},"end":{"line":192,"column":25}},{"start":{"line":192,"column":29},"end":{"line":192,"column":42}}],"line":192},"22":{"loc":{"start":{"line":245,"column":4},"end":{"line":249,"column":5}},"type":"if","locations":[{"start":{"line":245,"column":4},"end":{"line":249,"column":5}},{"start":{},"end":{}}],"line":245},"23":{"loc":{"start":{"line":260,"column":8},"end":{"line":262,"column":9}},"type":"if","locations":[{"start":{"line":260,"column":8},"end":{"line":262,"column":9}},{"start":{},"end":{}}],"line":260}},"s":{"0":3,"1":1,"2":1,"3":1,"4":1,"5":2,"6":2,"7":1,"8":3,"9":1,"10":1,"11":1,"12":1,"13":2,"14":2,"15":1,"16":4,"17":3,"18":1,"19":2,"20":4,"21":3,"22":1,"23":2,"24":1,"25":1,"26":0,"27":0,"28":0,"29":0,"30":0,"31":0,"32":0,"33":0,"34":0,"35":0,"36":0,"37":0,"38":2,"39":2,"40":2,"41":4,"42":2,"43":1,"44":3,"45":3,"46":9,"47":1,"48":3,"49":3,"50":3,"51":3,"52":3,"53":3,"54":1,"55":1,"56":2,"57":2,"58":2,"59":2,"60":1,"61":1,"62":1,"63":0,"64":0,"65":0,"66":0,"67":2,"68":2,"69":2,"70":2,"71":0,"72":0,"73":0,"74":0,"75":2,"76":2,"77":2,"78":2,"79":0,"80":0,"81":0,"82":0,"83":0,"84":0,"85":0,"86":0,"87":0,"88":0,"89":0,"90":0,"91":0,"92":0,"93":0,"94":0,"95":0,"96":0,"97":0,"98":0,"99":0,"100":0,"101":0,"102":0,"103":0,"104":0,"105":0,"106":0,"107":0,"108":0,"109":0,"110":0,"111":0,"112":0,"113":0,"114":0,"115":0,"116":1,"117":0,"118":0,"119":1,"120":0,"121":0,"122":0,"123":0,"124":0,"125":0,"126":0,"127":0,"128":0,"129":0,"130":0,"131":0,"132":0,"133":0},"f":{"0":3,"1":1,"2":1,"3":2,"4":1,"5":3,"6":1,"7":1,"8":2,"9":1,"10":4,"11":1,"12":2,"13":4,"14":1,"15":2,"16":0,"17":0,"18":0,"19":2,"20":4,"21":3,"22":9,"23":3,"24":3,"25":2,"26":0,"27":2,"28":2,"29":2,"30":2,"31":0,"32":0,"33":0,"34":0,"35":0,"36":0,"37":0,"38":0,"39":0,"40":0,"41":0,"42":0,"43":0,"44":0,"45":0},"b":{"0":[3,1],"1":[3,1],"2":[0,0],"3":[0,0],"4":[0,0],"5":[1,1],"6":[3,0],"7":[1,2],"8":[2,0],"9":[1,1],"10":[1,0],"11":[0,0,0],"12":[0,0],"13":[0,0,0],"14":[0,0],"15":[0,0],"16":[0,0],"17":[0,0],"18":[0,0],"19":[0,0],"20":[0,0],"21":[0,0],"22":[0,0],"23":[0,0]},"_coverageSchema":"1a1c01bbd47fc00a2c39e90264f33305004495a9","hash":"5e6483452470c2a05bb1daead9c00250fc5fbc71"}
}
