TN:
SF:public/admin/admin.js
FN:2,fetchUsers
FN:4,(anonymous_1)
FN:5,(anonymous_2)
FN:9,(anonymous_3)
FN:18,(anonymous_4)
FN:21,fetchPosts
FN:23,(anonymous_6)
FN:24,(anonymous_7)
FN:28,(anonymous_8)
FN:37,(anonymous_9)
FN:41,deleteUser
FN:44,(anonymous_11)
FN:45,(anonymous_12)
FN:49,deletePost
FN:52,(anonymous_14)
FN:53,(anonymous_15)
FN:61,(anonymous_16)
FN:62,(anonymous_17)
FN:71,(anonymous_18)
FN:80,selectAllRows
FN:83,(anonymous_20)
FN:87,(anonymous_21)
FN:89,(anonymous_22)
FN:93,(anonymous_23)
FN:103,deleteSelected
FN:113,(anonymous_25)
FN:122,(anonymous_26)
FN:129,searchUsers
FN:133,(anonymous_28)
FN:145,searchPosts
FN:149,(anonymous_30)
FN:162,editSelected
FN:171,(anonymous_32)
FN:200,editPost
FN:211,(anonymous_34)
FN:212,(anonymous_35)
FN:216,(anonymous_36)
FN:219,editUser
FN:226,(anonymous_38)
FN:227,(anonymous_39)
FN:231,(anonymous_40)
FN:235,(anonymous_41)
FN:242,(anonymous_42)
FN:259,(anonymous_43)
FN:265,(anonymous_44)
FN:268,(anonymous_45)
FNF:46
FNH:27
FNDA:3,fetchUsers
FNDA:1,(anonymous_1)
FNDA:1,(anonymous_2)
FNDA:2,(anonymous_3)
FNDA:1,(anonymous_4)
FNDA:3,fetchPosts
FNDA:1,(anonymous_6)
FNDA:1,(anonymous_7)
FNDA:2,(anonymous_8)
FNDA:1,(anonymous_9)
FNDA:4,deleteUser
FNDA:1,(anonymous_11)
FNDA:2,(anonymous_12)
FNDA:4,deletePost
FNDA:1,(anonymous_14)
FNDA:2,(anonymous_15)
FNDA:0,(anonymous_16)
FNDA:0,(anonymous_17)
FNDA:0,(anonymous_18)
FNDA:2,selectAllRows
FNDA:4,(anonymous_20)
FNDA:3,(anonymous_21)
FNDA:9,(anonymous_22)
FNDA:3,(anonymous_23)
FNDA:3,deleteSelected
FNDA:2,(anonymous_25)
FNDA:0,(anonymous_26)
FNDA:2,searchUsers
FNDA:2,(anonymous_28)
FNDA:2,searchPosts
FNDA:2,(anonymous_30)
FNDA:0,editSelected
FNDA:0,(anonymous_32)
FNDA:0,editPost
FNDA:0,(anonymous_34)
FNDA:0,(anonymous_35)
FNDA:0,(anonymous_36)
FNDA:0,editUser
FNDA:0,(anonymous_38)
FNDA:0,(anonymous_39)
FNDA:0,(anonymous_40)
FNDA:0,(anonymous_41)
FNDA:0,(anonymous_42)
FNDA:0,(anonymous_43)
FNDA:0,(anonymous_44)
FNDA:0,(anonymous_45)
DA:3,3
DA:4,1
DA:6,1
DA:7,1
DA:9,1
DA:10,2
DA:11,2
DA:18,1
DA:22,3
DA:23,1
DA:25,1
DA:26,1
DA:28,1
DA:29,2
DA:30,2
DA:37,1
DA:42,4
DA:43,3
DA:44,1
DA:45,2
DA:50,4
DA:51,3
DA:52,1
DA:53,2
DA:58,1
DA:61,1
DA:62,0
DA:63,0
DA:64,0
DA:66,0
DA:69,0
DA:70,0
DA:71,0
DA:73,0
DA:74,0
DA:81,2
DA:82,2
DA:83,4
DA:85,2
DA:87,1
DA:88,3
DA:89,9
DA:93,1
DA:94,3
DA:95,3
DA:96,3
DA:104,3
DA:106,3
DA:108,3
DA:109,1
DA:110,1
DA:113,2
DA:114,2
DA:115,2
DA:116,2
DA:117,1
DA:118,1
DA:119,1
DA:121,0
DA:122,0
DA:123,0
DA:130,2
DA:131,2
DA:133,2
DA:134,2
DA:135,0
DA:136,0
DA:139,0
DA:140,0
DA:146,2
DA:147,2
DA:149,2
DA:150,2
DA:151,0
DA:152,0
DA:155,0
DA:156,0
DA:163,0
DA:164,0
DA:166,0
DA:167,0
DA:168,0
DA:171,0
DA:172,0
DA:174,0
DA:175,0
DA:176,0
DA:178,0
DA:179,0
DA:181,0
DA:182,0
DA:184,0
DA:186,0
DA:187,0
DA:189,0
DA:190,0
DA:192,0
DA:193,0
DA:201,0
DA:206,0
DA:211,0
DA:213,0
DA:214,0
DA:216,0
DA:220,0
DA:221,0
DA:226,0
DA:228,0
DA:229,0
DA:231,0
DA:235,1
DA:236,0
DA:237,0
DA:242,1
DA:243,0
DA:245,0
DA:246,0
DA:247,0
DA:248,0
DA:252,0
DA:260,0
DA:261,0
DA:263,0
DA:266,0
DA:269,0
DA:270,0
DA:271,0
DA:272,0
LF:128
LH:59
BRDA:42,0,0,3
BRDA:42,0,1,1
BRDA:50,1,0,3
BRDA:50,1,1,1
BRDA:64,2,0,0
BRDA:64,2,1,0
BRDA:66,3,0,0
BRDA:66,3,1,0
BRDA:69,4,0,0
BRDA:69,4,1,0
BRDA:85,5,0,1
BRDA:85,5,1,1
BRDA:94,6,0,3
BRDA:94,6,1,0
BRDA:108,7,0,1
BRDA:108,7,1,2
BRDA:115,8,0,2
BRDA:115,8,1,0
BRDA:116,9,0,1
BRDA:116,9,1,1
BRDA:118,10,0,1
BRDA:118,10,1,0
BRDA:139,11,0,0
BRDA:139,11,1,0
BRDA:139,11,2,0
BRDA:140,12,0,0
BRDA:140,12,1,0
BRDA:155,13,0,0
BRDA:155,13,1,0
BRDA:155,13,2,0
BRDA:156,14,0,0
BRDA:156,14,1,0
BRDA:166,15,0,0
BRDA:166,15,1,0
BRDA:174,16,0,0
BRDA:174,16,1,0
BRDA:181,17,0,0
BRDA:181,17,1,0
BRDA:181,18,0,0
BRDA:181,18,1,0
BRDA:184,19,0,0
BRDA:184,19,1,0
BRDA:192,20,0,0
BRDA:192,20,1,0
BRDA:192,21,0,0
BRDA:192,21,1,0
BRDA:245,22,0,0
BRDA:245,22,1,0
BRDA:260,23,0,0
BRDA:260,23,1,0
BRF:50
BRH:13
end_of_record
