TN:
SF:public\admin\admin.js
FN:2,fetchUsers
FN:4,(anonymous_1)
FN:5,(anonymous_2)
FN:9,(anonymous_3)
FN:18,(anonymous_4)
FN:21,fetchPosts
FN:23,(anonymous_6)
FN:24,(anonymous_7)
FN:28,(anonymous_8)
FN:39,(anonymous_9)
FN:43,deleteUser
FN:46,(anonymous_11)
FN:47,(anonymous_12)
FN:51,deletePost
FN:58,(anonymous_14)
FN:59,(anonymous_15)
FN:67,(anonymous_16)
FN:68,(anonymous_17)
FN:77,(anonymous_18)
FN:86,selectAllRows
FN:89,(anonymous_20)
FN:93,(anonymous_21)
FN:95,(anonymous_22)
FN:99,(anonymous_23)
FN:109,deleteSelected
FN:119,(anonymous_25)
FN:128,(anonymous_26)
FN:135,searchUsers
FN:139,(anonymous_28)
FN:151,searchPosts
FN:155,(anonymous_30)
FN:168,editSelected
FN:177,(anonymous_32)
FN:206,editPost
FN:217,(anonymous_34)
FN:218,(anonymous_35)
FN:222,(anonymous_36)
FN:225,editUser
FN:232,(anonymous_38)
FN:233,(anonymous_39)
FN:237,(anonymous_40)
FN:241,(anonymous_41)
FNF:42
FNH:0
FNDA:0,fetchUsers
FNDA:0,(anonymous_1)
FNDA:0,(anonymous_2)
FNDA:0,(anonymous_3)
FNDA:0,(anonymous_4)
FNDA:0,fetchPosts
FNDA:0,(anonymous_6)
FNDA:0,(anonymous_7)
FNDA:0,(anonymous_8)
FNDA:0,(anonymous_9)
FNDA:0,deleteUser
FNDA:0,(anonymous_11)
FNDA:0,(anonymous_12)
FNDA:0,deletePost
FNDA:0,(anonymous_14)
FNDA:0,(anonymous_15)
FNDA:0,(anonymous_16)
FNDA:0,(anonymous_17)
FNDA:0,(anonymous_18)
FNDA:0,selectAllRows
FNDA:0,(anonymous_20)
FNDA:0,(anonymous_21)
FNDA:0,(anonymous_22)
FNDA:0,(anonymous_23)
FNDA:0,deleteSelected
FNDA:0,(anonymous_25)
FNDA:0,(anonymous_26)
FNDA:0,searchUsers
FNDA:0,(anonymous_28)
FNDA:0,searchPosts
FNDA:0,(anonymous_30)
FNDA:0,editSelected
FNDA:0,(anonymous_32)
FNDA:0,editPost
FNDA:0,(anonymous_34)
FNDA:0,(anonymous_35)
FNDA:0,(anonymous_36)
FNDA:0,editUser
FNDA:0,(anonymous_38)
FNDA:0,(anonymous_39)
FNDA:0,(anonymous_40)
FNDA:0,(anonymous_41)
DA:3,0
DA:4,0
DA:6,0
DA:7,0
DA:9,0
DA:10,0
DA:11,0
DA:18,0
DA:22,0
DA:23,0
DA:25,0
DA:26,0
DA:28,0
DA:29,0
DA:30,0
DA:39,0
DA:44,0
DA:45,0
DA:46,0
DA:47,0
DA:52,0
DA:53,0
DA:58,0
DA:59,0
DA:64,1
DA:67,1
DA:68,0
DA:69,0
DA:70,0
DA:72,0
DA:75,0
DA:76,0
DA:77,0
DA:79,0
DA:80,0
DA:87,0
DA:88,0
DA:89,0
DA:91,0
DA:93,0
DA:94,0
DA:95,0
DA:99,0
DA:100,0
DA:101,0
DA:102,0
DA:110,0
DA:112,0
DA:114,0
DA:115,0
DA:116,0
DA:119,0
DA:120,0
DA:121,0
DA:122,0
DA:123,0
DA:124,0
DA:125,0
DA:127,0
DA:128,0
DA:129,0
DA:136,0
DA:137,0
DA:139,0
DA:140,0
DA:141,0
DA:142,0
DA:145,0
DA:146,0
DA:152,0
DA:153,0
DA:155,0
DA:156,0
DA:157,0
DA:158,0
DA:161,0
DA:162,0
DA:169,0
DA:170,0
DA:172,0
DA:173,0
DA:174,0
DA:177,0
DA:178,0
DA:180,0
DA:181,0
DA:182,0
DA:184,0
DA:185,0
DA:187,0
DA:188,0
DA:190,0
DA:192,0
DA:193,0
DA:195,0
DA:196,0
DA:198,0
DA:199,0
DA:207,0
DA:212,0
DA:217,0
DA:219,0
DA:220,0
DA:222,0
DA:226,0
DA:227,0
DA:232,0
DA:234,0
DA:235,0
DA:237,0
DA:241,1
DA:242,0
DA:243,0
LF:113
LH:3
BRDA:44,0,0,0
BRDA:44,0,1,0
BRDA:52,1,0,0
BRDA:52,1,1,0
BRDA:70,2,0,0
BRDA:70,2,1,0
BRDA:72,3,0,0
BRDA:72,3,1,0
BRDA:75,4,0,0
BRDA:75,4,1,0
BRDA:91,5,0,0
BRDA:91,5,1,0
BRDA:100,6,0,0
BRDA:100,6,1,0
BRDA:114,7,0,0
BRDA:114,7,1,0
BRDA:121,8,0,0
BRDA:121,8,1,0
BRDA:122,9,0,0
BRDA:122,9,1,0
BRDA:124,10,0,0
BRDA:124,10,1,0
BRDA:145,11,0,0
BRDA:145,11,1,0
BRDA:145,11,2,0
BRDA:146,12,0,0
BRDA:146,12,1,0
BRDA:161,13,0,0
BRDA:161,13,1,0
BRDA:161,13,2,0
BRDA:162,14,0,0
BRDA:162,14,1,0
BRDA:172,15,0,0
BRDA:172,15,1,0
BRDA:180,16,0,0
BRDA:180,16,1,0
BRDA:187,17,0,0
BRDA:187,17,1,0
BRDA:187,18,0,0
BRDA:187,18,1,0
BRDA:190,19,0,0
BRDA:190,19,1,0
BRDA:198,20,0,0
BRDA:198,20,1,0
BRDA:198,21,0,0
BRDA:198,21,1,0
BRF:46
BRH:0
end_of_record
TN:
SF:public\forum\forum.js
FN:10,(anonymous_0)
FN:39,(anonymous_1)
FN:49,(anonymous_2)
FN:71,(anonymous_3)
FN:76,(anonymous_4)
FN:88,(anonymous_5)
FN:94,(anonymous_6)
FN:100,(anonymous_7)
FN:105,(anonymous_8)
FN:116,(anonymous_9)
FN:125,(anonymous_10)
FN:214,(anonymous_11)
FN:281,(anonymous_12)
FN:346,carregarPublicacoes
FN:424,(anonymous_14)
FN:434,(anonymous_15)
FN:462,(anonymous_16)
FN:495,(anonymous_17)
FN:521,carregarTodosUsuarios
FN:534,exibirUsuarios
FN:540,(anonymous_20)
FN:556,(anonymous_21)
FN:557,(anonymous_22)
FN:573,(anonymous_23)
FN:576,(anonymous_24)
FN:595,(anonymous_25)
FN:615,(anonymous_26)
FN:635,(anonymous_27)
FN:656,(anonymous_28)
FN:662,(anonymous_29)
FN:666,(anonymous_30)
FN:677,(anonymous_31)
FN:695,(anonymous_32)
FN:696,(anonymous_33)
FN:697,(anonymous_34)
FNF:35
FNH:0
FNDA:0,(anonymous_0)
FNDA:0,(anonymous_1)
FNDA:0,(anonymous_2)
FNDA:0,(anonymous_3)
FNDA:0,(anonymous_4)
FNDA:0,(anonymous_5)
FNDA:0,(anonymous_6)
FNDA:0,(anonymous_7)
FNDA:0,(anonymous_8)
FNDA:0,(anonymous_9)
FNDA:0,(anonymous_10)
FNDA:0,(anonymous_11)
FNDA:0,(anonymous_12)
FNDA:0,carregarPublicacoes
FNDA:0,(anonymous_14)
FNDA:0,(anonymous_15)
FNDA:0,(anonymous_16)
FNDA:0,(anonymous_17)
FNDA:0,carregarTodosUsuarios
FNDA:0,exibirUsuarios
FNDA:0,(anonymous_20)
FNDA:0,(anonymous_21)
FNDA:0,(anonymous_22)
FNDA:0,(anonymous_23)
FNDA:0,(anonymous_24)
FNDA:0,(anonymous_25)
FNDA:0,(anonymous_26)
FNDA:0,(anonymous_27)
FNDA:0,(anonymous_28)
FNDA:0,(anonymous_29)
FNDA:0,(anonymous_30)
FNDA:0,(anonymous_31)
FNDA:0,(anonymous_32)
FNDA:0,(anonymous_33)
FNDA:0,(anonymous_34)
DA:2,1
DA:10,1
DA:11,0
DA:14,0
DA:15,0
DA:16,0
DA:17,0
DA:18,0
DA:22,0
DA:23,0
DA:25,0
DA:35,0
DA:37,0
DA:39,0
DA:40,0
DA:41,0
DA:42,0
DA:43,0
DA:44,0
DA:45,0
DA:49,0
DA:50,0
DA:51,0
DA:52,0
DA:53,0
DA:58,0
DA:61,0
DA:65,0
DA:66,0
DA:68,0
DA:69,0
DA:71,0
DA:72,0
DA:73,0
DA:75,0
DA:76,0
DA:77,0
DA:82,0
DA:86,0
DA:87,0
DA:88,0
DA:89,0
DA:90,0
DA:92,0
DA:93,0
DA:95,0
DA:96,0
DA:98,0
DA:101,0
DA:102,0
DA:103,0
DA:104,0
DA:105,0
DA:106,0
DA:107,0
DA:110,0
DA:113,0
DA:116,0
DA:119,0
DA:123,0
DA:124,0
DA:125,0
DA:126,0
DA:128,0
DA:129,0
DA:130,0
DA:131,0
DA:133,0
DA:134,0
DA:135,0
DA:137,0
DA:138,0
DA:139,0
DA:142,0
DA:143,0
DA:144,0
DA:145,0
DA:149,0
DA:150,0
DA:151,0
DA:152,0
DA:154,0
DA:155,0
DA:156,0
DA:157,0
DA:159,0
DA:161,0
DA:162,0
DA:163,0
DA:164,0
DA:167,0
DA:176,0
DA:177,0
DA:180,0
DA:181,0
DA:190,0
DA:191,0
DA:192,0
DA:193,0
DA:194,0
DA:195,0
DA:196,0
DA:198,0
DA:200,0
DA:201,0
DA:204,0
DA:205,0
DA:206,0
DA:210,0
DA:214,0
DA:215,0
DA:216,0
DA:217,0
DA:218,0
DA:220,0
DA:221,0
DA:223,0
DA:224,0
DA:225,0
DA:227,0
DA:228,0
DA:229,0
DA:232,0
DA:233,0
DA:246,0
DA:247,0
DA:248,0
DA:249,0
DA:253,0
DA:263,0
DA:264,0
DA:265,0
DA:267,0
DA:268,0
DA:269,0
DA:271,0
DA:274,0
DA:275,0
DA:281,0
DA:282,0
DA:283,0
DA:284,0
DA:285,0
DA:287,0
DA:288,0
DA:289,0
DA:292,0
DA:294,0
DA:295,0
DA:296,0
DA:302,0
DA:303,0
DA:304,0
DA:305,0
DA:306,0
DA:308,0
DA:311,0
DA:314,0
DA:315,0
DA:318,0
DA:319,0
DA:326,0
DA:327,0
DA:328,0
DA:329,0
DA:330,0
DA:332,0
DA:335,0
DA:338,0
DA:339,0
DA:347,0
DA:348,0
DA:350,0
DA:352,0
DA:357,0
DA:358,0
DA:360,0
DA:361,0
DA:362,0
DA:363,0
DA:364,0
DA:366,0
DA:368,0
DA:369,0
DA:370,0
DA:374,0
DA:375,0
DA:376,0
DA:378,0
DA:402,0
DA:403,0
DA:404,0
DA:405,0
DA:408,0
DA:409,0
DA:410,0
DA:411,0
DA:412,0
DA:413,0
DA:417,0
DA:419,0
DA:420,0
DA:421,0
DA:422,0
DA:423,0
DA:424,0
DA:425,0
DA:433,0
DA:435,0
DA:441,0
DA:445,0
DA:450,0
DA:451,0
DA:452,0
DA:453,0
DA:455,0
DA:456,0
DA:457,0
DA:459,0
DA:460,0
DA:462,0
DA:464,0
DA:468,0
DA:478,0
DA:482,0
DA:486,0
DA:489,0
DA:492,0
DA:493,0
DA:495,0
DA:496,0
DA:497,0
DA:498,0
DA:499,0
DA:500,0
DA:501,0
DA:502,0
DA:503,0
DA:504,0
DA:507,0
DA:508,0
DA:510,0
DA:511,0
DA:515,0
DA:516,0
DA:517,0
DA:519,0
DA:522,0
DA:523,0
DA:524,0
DA:525,0
DA:527,0
DA:528,0
DA:530,0
DA:535,0
DA:536,0
DA:537,0
DA:539,0
DA:540,0
DA:541,0
DA:542,0
DA:543,0
DA:552,0
DA:555,0
DA:556,0
DA:557,0
DA:558,0
DA:559,0
DA:560,0
DA:561,0
DA:563,0
DA:564,0
DA:565,0
DA:567,0
DA:572,0
DA:573,0
DA:574,0
DA:575,0
DA:576,0
DA:577,0
DA:578,0
DA:579,0
DA:580,0
DA:583,0
DA:584,0
DA:585,0
DA:588,0
DA:590,0
DA:593,0
DA:594,0
DA:595,0
DA:596,0
DA:597,0
DA:598,0
DA:600,0
DA:601,0
DA:605,0
DA:609,0
DA:610,0
DA:611,0
DA:612,0
DA:613,0
DA:615,0
DA:616,0
DA:617,0
DA:619,0
DA:620,0
DA:622,0
DA:624,0
DA:625,0
DA:630,0
DA:631,0
DA:633,0
DA:634,0
DA:635,0
DA:636,0
DA:637,0
DA:640,0
DA:641,0
DA:643,0
DA:644,0
DA:645,0
DA:647,0
DA:650,0
DA:651,0
DA:655,0
DA:656,0
DA:657,0
DA:658,0
DA:659,0
DA:662,0
DA:663,0
DA:666,0
DA:667,0
DA:668,0
DA:672,0
DA:677,1
DA:678,0
DA:679,0
DA:680,0
DA:682,0
DA:683,0
DA:684,0
DA:685,0
DA:687,0
DA:688,0
DA:695,1
DA:696,0
DA:697,0
DA:698,0
LF:350
LH:4
BRDA:15,0,0,0
BRDA:15,0,1,0
BRDA:43,1,0,0
BRDA:43,1,1,0
BRDA:51,2,0,0
BRDA:51,2,1,0
BRDA:51,3,0,0
BRDA:51,3,1,0
BRDA:68,4,0,0
BRDA:68,4,1,0
BRDA:68,5,0,0
BRDA:68,5,1,0
BRDA:73,6,0,0
BRDA:73,6,1,0
BRDA:75,7,0,0
BRDA:75,7,1,0
BRDA:75,8,0,0
BRDA:75,8,1,0
BRDA:75,8,2,0
BRDA:87,9,0,0
BRDA:87,9,1,0
BRDA:90,10,0,0
BRDA:90,10,1,0
BRDA:95,11,0,0
BRDA:95,11,1,0
BRDA:101,12,0,0
BRDA:101,12,1,0
BRDA:103,13,0,0
BRDA:103,13,1,0
BRDA:106,14,0,0
BRDA:106,14,1,0
BRDA:106,15,0,0
BRDA:106,15,1,0
BRDA:124,16,0,0
BRDA:124,16,1,0
BRDA:137,17,0,0
BRDA:137,17,1,0
BRDA:137,18,0,0
BRDA:137,18,1,0
BRDA:137,18,2,0
BRDA:142,19,0,0
BRDA:142,19,1,0
BRDA:142,20,0,0
BRDA:142,20,1,0
BRDA:142,20,2,0
BRDA:154,21,0,0
BRDA:154,21,1,0
BRDA:154,22,0,0
BRDA:154,22,1,0
BRDA:176,23,0,0
BRDA:176,23,1,0
BRDA:191,24,0,0
BRDA:191,24,1,0
BRDA:200,25,0,0
BRDA:200,25,1,0
BRDA:215,26,0,0
BRDA:215,26,1,0
BRDA:223,27,0,0
BRDA:223,27,1,0
BRDA:227,28,0,0
BRDA:227,28,1,0
BRDA:247,29,0,0
BRDA:247,29,1,0
BRDA:249,30,0,0
BRDA:249,30,1,0
BRDA:249,31,0,0
BRDA:249,31,1,0
BRDA:258,32,0,0
BRDA:258,32,1,0
BRDA:264,33,0,0
BRDA:264,33,1,0
BRDA:271,34,0,0
BRDA:271,34,1,0
BRDA:282,35,0,0
BRDA:282,35,1,0
BRDA:287,36,0,0
BRDA:287,36,1,0
BRDA:294,37,0,0
BRDA:294,37,1,0
BRDA:303,38,0,0
BRDA:303,38,1,0
BRDA:305,39,0,0
BRDA:305,39,1,0
BRDA:308,40,0,0
BRDA:308,40,1,0
BRDA:327,41,0,0
BRDA:327,41,1,0
BRDA:329,42,0,0
BRDA:329,42,1,0
BRDA:332,43,0,0
BRDA:332,43,1,0
BRDA:357,44,0,0
BRDA:357,44,1,0
BRDA:362,45,0,0
BRDA:362,45,1,0
BRDA:374,46,0,0
BRDA:374,46,1,0
BRDA:374,46,2,0
BRDA:375,47,0,0
BRDA:375,47,1,0
BRDA:375,48,0,0
BRDA:375,48,1,0
BRDA:375,49,0,0
BRDA:375,49,1,0
BRDA:376,50,0,0
BRDA:376,50,1,0
BRDA:410,51,0,0
BRDA:410,51,1,0
BRDA:419,52,0,0
BRDA:419,52,1,0
BRDA:422,53,0,0
BRDA:422,53,1,0
BRDA:422,54,0,0
BRDA:422,54,1,0
BRDA:422,54,2,0
BRDA:423,55,0,0
BRDA:423,55,1,0
BRDA:423,56,0,0
BRDA:423,56,1,0
BRDA:452,57,0,0
BRDA:452,57,1,0
BRDA:459,58,0,0
BRDA:459,58,1,0
BRDA:464,59,0,0
BRDA:464,59,1,0
BRDA:464,60,0,0
BRDA:464,60,1,0
BRDA:507,61,0,0
BRDA:507,61,1,0
BRDA:510,62,0,0
BRDA:510,62,1,0
BRDA:524,63,0,0
BRDA:524,63,1,0
BRDA:535,64,0,0
BRDA:535,64,1,0
BRDA:572,65,0,0
BRDA:572,65,1,0
BRDA:575,66,0,0
BRDA:575,66,1,0
BRDA:577,67,0,0
BRDA:577,67,1,0
BRDA:579,68,0,0
BRDA:579,68,1,0
BRDA:583,69,0,0
BRDA:583,69,1,0
BRDA:584,70,0,0
BRDA:584,70,1,0
BRDA:594,71,0,0
BRDA:594,71,1,0
BRDA:594,72,0,0
BRDA:594,72,1,0
BRDA:596,73,0,0
BRDA:596,73,1,0
BRDA:619,74,0,0
BRDA:619,74,1,0
BRDA:619,75,0,0
BRDA:619,75,1,0
BRDA:630,76,0,0
BRDA:630,76,1,0
BRDA:637,77,0,0
BRDA:637,77,1,0
BRDA:637,78,0,0
BRDA:637,78,1,0
BRDA:644,79,0,0
BRDA:644,79,1,0
BRDA:655,80,0,0
BRDA:655,80,1,0
BRDA:655,81,0,0
BRDA:655,81,1,0
BRDA:655,81,2,0
BRDA:655,81,3,0
BRDA:655,81,4,0
BRDA:667,82,0,0
BRDA:667,82,1,0
BRDA:678,83,0,0
BRDA:678,83,1,0
BRDA:682,84,0,0
BRDA:682,84,1,0
BRDA:683,85,0,0
BRDA:683,85,1,0
BRF:180
BRH:0
end_of_record
