TN:
SF:public\admin\admin.js
FN:2,fetchUsers
FN:4,(anonymous_1)
FN:5,(anonymous_2)
FN:9,(anonymous_3)
FN:18,(anonymous_4)
FN:21,fetchPosts
FN:23,(anonymous_6)
FN:24,(anonymous_7)
FN:28,(anonymous_8)
FN:37,(anonymous_9)
FN:41,deleteUser
FN:44,(anonymous_11)
FN:45,(anonymous_12)
FN:49,deletePost
FN:52,(anonymous_14)
FN:53,(anonymous_15)
FN:61,(anonymous_16)
FN:62,(anonymous_17)
FN:71,(anonymous_18)
FN:80,selectAllRows
FN:83,(anonymous_20)
FN:87,(anonymous_21)
FN:89,(anonymous_22)
FN:93,(anonymous_23)
FN:103,deleteSelected
FN:113,(anonymous_25)
FN:122,(anonymous_26)
FN:129,searchUsers
FN:133,(anonymous_28)
FN:145,searchPosts
FN:149,(anonymous_30)
FN:162,editSelected
FN:171,(anonymous_32)
FN:200,editPost
FN:211,(anonymous_34)
FN:212,(anonymous_35)
FN:216,(anonymous_36)
FN:219,editUser
FN:226,(anonymous_38)
FN:227,(anonymous_39)
FN:231,(anonymous_40)
FN:235,(anonymous_41)
FN:242,(anonymous_42)
FN:259,(anonymous_43)
FN:265,(anonymous_44)
FN:268,(anonymous_45)
FNF:46
FNH:27
FNDA:3,fetchUsers
FNDA:1,(anonymous_1)
FNDA:1,(anonymous_2)
FNDA:2,(anonymous_3)
FNDA:1,(anonymous_4)
FNDA:3,fetchPosts
FNDA:1,(anonymous_6)
FNDA:1,(anonymous_7)
FNDA:2,(anonymous_8)
FNDA:1,(anonymous_9)
FNDA:4,deleteUser
FNDA:1,(anonymous_11)
FNDA:2,(anonymous_12)
FNDA:4,deletePost
FNDA:1,(anonymous_14)
FNDA:2,(anonymous_15)
FNDA:0,(anonymous_16)
FNDA:0,(anonymous_17)
FNDA:0,(anonymous_18)
FNDA:2,selectAllRows
FNDA:4,(anonymous_20)
FNDA:3,(anonymous_21)
FNDA:9,(anonymous_22)
FNDA:3,(anonymous_23)
FNDA:3,deleteSelected
FNDA:2,(anonymous_25)
FNDA:0,(anonymous_26)
FNDA:2,searchUsers
FNDA:2,(anonymous_28)
FNDA:2,searchPosts
FNDA:2,(anonymous_30)
FNDA:0,editSelected
FNDA:0,(anonymous_32)
FNDA:0,editPost
FNDA:0,(anonymous_34)
FNDA:0,(anonymous_35)
FNDA:0,(anonymous_36)
FNDA:0,editUser
FNDA:0,(anonymous_38)
FNDA:0,(anonymous_39)
FNDA:0,(anonymous_40)
FNDA:0,(anonymous_41)
FNDA:0,(anonymous_42)
FNDA:0,(anonymous_43)
FNDA:0,(anonymous_44)
FNDA:0,(anonymous_45)
DA:3,3
DA:4,1
DA:6,1
DA:7,1
DA:9,1
DA:10,2
DA:11,2
DA:18,1
DA:22,3
DA:23,1
DA:25,1
DA:26,1
DA:28,1
DA:29,2
DA:30,2
DA:37,1
DA:42,4
DA:43,3
DA:44,1
DA:45,2
DA:50,4
DA:51,3
DA:52,1
DA:53,2
DA:58,1
DA:61,1
DA:62,0
DA:63,0
DA:64,0
DA:66,0
DA:69,0
DA:70,0
DA:71,0
DA:73,0
DA:74,0
DA:81,2
DA:82,2
DA:83,4
DA:85,2
DA:87,1
DA:88,3
DA:89,9
DA:93,1
DA:94,3
DA:95,3
DA:96,3
DA:104,3
DA:106,3
DA:108,3
DA:109,1
DA:110,1
DA:113,2
DA:114,2
DA:115,2
DA:116,2
DA:117,1
DA:118,1
DA:119,1
DA:121,0
DA:122,0
DA:123,0
DA:130,2
DA:131,2
DA:133,2
DA:134,2
DA:135,0
DA:136,0
DA:139,0
DA:140,0
DA:146,2
DA:147,2
DA:149,2
DA:150,2
DA:151,0
DA:152,0
DA:155,0
DA:156,0
DA:163,0
DA:164,0
DA:166,0
DA:167,0
DA:168,0
DA:171,0
DA:172,0
DA:174,0
DA:175,0
DA:176,0
DA:178,0
DA:179,0
DA:181,0
DA:182,0
DA:184,0
DA:186,0
DA:187,0
DA:189,0
DA:190,0
DA:192,0
DA:193,0
DA:201,0
DA:206,0
DA:211,0
DA:213,0
DA:214,0
DA:216,0
DA:220,0
DA:221,0
DA:226,0
DA:228,0
DA:229,0
DA:231,0
DA:235,1
DA:236,0
DA:237,0
DA:242,1
DA:243,0
DA:245,0
DA:246,0
DA:247,0
DA:248,0
DA:252,0
DA:260,0
DA:261,0
DA:263,0
DA:266,0
DA:269,0
DA:270,0
DA:271,0
DA:272,0
LF:128
LH:59
BRDA:42,0,0,3
BRDA:42,0,1,1
BRDA:50,1,0,3
BRDA:50,1,1,1
BRDA:64,2,0,0
BRDA:64,2,1,0
BRDA:66,3,0,0
BRDA:66,3,1,0
BRDA:69,4,0,0
BRDA:69,4,1,0
BRDA:85,5,0,1
BRDA:85,5,1,1
BRDA:94,6,0,3
BRDA:94,6,1,0
BRDA:108,7,0,1
BRDA:108,7,1,2
BRDA:115,8,0,2
BRDA:115,8,1,0
BRDA:116,9,0,1
BRDA:116,9,1,1
BRDA:118,10,0,1
BRDA:118,10,1,0
BRDA:139,11,0,0
BRDA:139,11,1,0
BRDA:139,11,2,0
BRDA:140,12,0,0
BRDA:140,12,1,0
BRDA:155,13,0,0
BRDA:155,13,1,0
BRDA:155,13,2,0
BRDA:156,14,0,0
BRDA:156,14,1,0
BRDA:166,15,0,0
BRDA:166,15,1,0
BRDA:174,16,0,0
BRDA:174,16,1,0
BRDA:181,17,0,0
BRDA:181,17,1,0
BRDA:181,18,0,0
BRDA:181,18,1,0
BRDA:184,19,0,0
BRDA:184,19,1,0
BRDA:192,20,0,0
BRDA:192,20,1,0
BRDA:192,21,0,0
BRDA:192,21,1,0
BRDA:245,22,0,0
BRDA:245,22,1,0
BRDA:260,23,0,0
BRDA:260,23,1,0
BRF:50
BRH:13
end_of_record
TN:
SF:public\forum\forum.js
FN:12,(anonymous_0)
FN:39,(anonymous_1)
FN:53,(anonymous_2)
FN:63,(anonymous_3)
FN:124,(anonymous_4)
FN:190,(anonymous_5)
FN:198,carregarPublicacoes
FN:208,(anonymous_7)
FN:246,(anonymous_8)
FN:286,handleLogout
FN:302,validateToken
FN:348,carregarTodosUsuarios
FN:359,exibirUsuarios
FN:364,(anonymous_13)
FN:385,(anonymous_14)
FN:389,(anonymous_15)
FN:390,(anonymous_16)
FN:393,(anonymous_17)
FN:404,(anonymous_18)
FN:426,carregarNotificacoes
FN:449,(anonymous_20)
FN:458,(anonymous_21)
FN:479,(anonymous_22)
FN:493,(anonymous_23)
FN:498,(anonymous_24)
FN:504,(anonymous_25)
FN:509,(anonymous_26)
FN:522,(anonymous_27)
FNF:28
FNH:0
FNDA:0,(anonymous_0)
FNDA:0,(anonymous_1)
FNDA:0,(anonymous_2)
FNDA:0,(anonymous_3)
FNDA:0,(anonymous_4)
FNDA:0,(anonymous_5)
FNDA:0,carregarPublicacoes
FNDA:0,(anonymous_7)
FNDA:0,(anonymous_8)
FNDA:0,handleLogout
FNDA:0,validateToken
FNDA:0,carregarTodosUsuarios
FNDA:0,exibirUsuarios
FNDA:0,(anonymous_13)
FNDA:0,(anonymous_14)
FNDA:0,(anonymous_15)
FNDA:0,(anonymous_16)
FNDA:0,(anonymous_17)
FNDA:0,(anonymous_18)
FNDA:0,carregarNotificacoes
FNDA:0,(anonymous_20)
FNDA:0,(anonymous_21)
FNDA:0,(anonymous_22)
FNDA:0,(anonymous_23)
FNDA:0,(anonymous_24)
FNDA:0,(anonymous_25)
FNDA:0,(anonymous_26)
FNDA:0,(anonymous_27)
DA:2,1
DA:12,1
DA:13,0
DA:16,0
DA:17,0
DA:18,0
DA:19,0
DA:20,0
DA:24,0
DA:25,0
DA:27,0
DA:37,0
DA:39,0
DA:40,0
DA:41,0
DA:44,0
DA:49,0
DA:50,0
DA:52,0
DA:53,0
DA:54,0
DA:55,0
DA:60,0
DA:62,0
DA:63,0
DA:64,0
DA:66,0
DA:67,0
DA:68,0
DA:69,0
DA:71,0
DA:72,0
DA:73,0
DA:74,0
DA:77,0
DA:78,0
DA:79,0
DA:80,0
DA:81,0
DA:84,0
DA:85,0
DA:101,0
DA:103,0
DA:104,0
DA:105,0
DA:106,0
DA:107,0
DA:108,0
DA:110,0
DA:111,0
DA:114,0
DA:115,0
DA:116,0
DA:120,0
DA:124,0
DA:125,0
DA:126,0
DA:127,0
DA:128,0
DA:130,0
DA:131,0
DA:133,0
DA:134,0
DA:135,0
DA:137,0
DA:138,0
DA:139,0
DA:142,0
DA:143,0
DA:156,0
DA:157,0
DA:158,0
DA:159,0
DA:163,0
DA:172,0
DA:173,0
DA:174,0
DA:176,0
DA:177,0
DA:178,0
DA:180,0
DA:183,0
DA:184,0
DA:190,0
DA:191,0
DA:192,0
DA:193,0
DA:199,0
DA:200,0
DA:201,0
DA:203,0
DA:204,0
DA:206,0
DA:208,0
DA:209,0
DA:210,0
DA:211,0
DA:214,0
DA:219,0
DA:222,0
DA:246,0
DA:272,0
DA:275,0
DA:280,0
DA:283,0
DA:284,0
DA:287,0
DA:288,0
DA:289,0
DA:290,0
DA:291,0
DA:294,0
DA:295,0
DA:297,0
DA:298,0
DA:303,0
DA:304,0
DA:305,0
DA:306,0
DA:309,0
DA:310,0
DA:316,0
DA:317,0
DA:320,0
DA:321,0
DA:322,0
DA:325,0
DA:326,0
DA:327,0
DA:331,0
DA:332,0
DA:333,0
DA:334,0
DA:335,0
DA:339,0
DA:342,0
DA:343,0
DA:344,0
DA:345,0
DA:349,0
DA:350,0
DA:351,0
DA:352,0
DA:354,0
DA:360,0
DA:362,0
DA:364,0
DA:365,0
DA:366,0
DA:368,0
DA:379,0
DA:384,0
DA:385,0
DA:386,0
DA:387,0
DA:388,0
DA:389,0
DA:391,0
DA:394,0
DA:397,0
DA:403,0
DA:404,0
DA:405,0
DA:406,0
DA:407,0
DA:408,0
DA:409,0
DA:412,0
DA:413,0
DA:419,0
DA:420,0
DA:421,0
DA:422,0
DA:423,0
DA:427,0
DA:428,0
DA:430,0
DA:431,0
DA:432,0
DA:435,0
DA:436,0
DA:442,0
DA:443,0
DA:446,0
DA:449,0
DA:450,0
DA:451,0
DA:452,0
DA:456,0
DA:457,0
DA:458,0
DA:470,0
DA:471,0
DA:472,0
DA:478,0
DA:479,0
DA:480,0
DA:481,0
DA:482,0
DA:485,0
DA:486,0
DA:487,0
DA:495,0
DA:496,0
DA:499,0
DA:504,0
DA:505,0
DA:509,0
DA:510,0
DA:511,0
DA:516,0
DA:518,0
DA:522,0
DA:523,0
DA:524,0
LF:215
LH:2
BRDA:17,0,0,0
BRDA:17,0,1,0
BRDA:52,1,0,0
BRDA:52,1,1,0
BRDA:52,2,0,0
BRDA:52,2,1,0
BRDA:55,3,0,0
BRDA:55,3,1,0
BRDA:62,4,0,0
BRDA:62,4,1,0
BRDA:71,5,0,0
BRDA:71,5,1,0
BRDA:71,6,0,0
BRDA:71,6,1,0
BRDA:71,6,2,0
BRDA:78,7,0,0
BRDA:78,7,1,0
BRDA:95,8,0,0
BRDA:95,8,1,0
BRDA:103,9,0,0
BRDA:103,9,1,0
BRDA:110,10,0,0
BRDA:110,10,1,0
BRDA:125,11,0,0
BRDA:125,11,1,0
BRDA:133,12,0,0
BRDA:133,12,1,0
BRDA:137,13,0,0
BRDA:137,13,1,0
BRDA:157,14,0,0
BRDA:157,14,1,0
BRDA:159,15,0,0
BRDA:159,15,1,0
BRDA:159,16,0,0
BRDA:159,16,1,0
BRDA:167,17,0,0
BRDA:167,17,1,0
BRDA:173,18,0,0
BRDA:173,18,1,0
BRDA:180,19,0,0
BRDA:180,19,1,0
BRDA:191,20,0,0
BRDA:191,20,1,0
BRDA:204,21,0,0
BRDA:204,21,1,0
BRDA:214,22,0,0
BRDA:214,22,1,0
BRDA:214,23,0,0
BRDA:214,23,1,0
BRDA:219,24,0,0
BRDA:219,24,1,0
BRDA:226,25,0,0
BRDA:226,25,1,0
BRDA:231,26,0,0
BRDA:231,26,1,0
BRDA:232,27,0,0
BRDA:232,27,1,0
BRDA:233,28,0,0
BRDA:233,28,1,0
BRDA:233,29,0,0
BRDA:233,29,1,0
BRDA:236,30,0,0
BRDA:236,30,1,0
BRDA:237,31,0,0
BRDA:237,31,1,0
BRDA:237,32,0,0
BRDA:237,32,1,0
BRDA:245,33,0,0
BRDA:245,33,1,0
BRDA:245,34,0,0
BRDA:245,34,1,0
BRDA:250,35,0,0
BRDA:250,35,1,0
BRDA:252,36,0,0
BRDA:252,36,1,0
BRDA:252,37,0,0
BRDA:252,37,1,0
BRDA:294,38,0,0
BRDA:294,38,1,0
BRDA:297,39,0,0
BRDA:297,39,1,0
BRDA:304,40,0,0
BRDA:304,40,1,0
BRDA:316,41,0,0
BRDA:316,41,1,0
BRDA:322,42,0,0
BRDA:322,42,1,0
BRDA:326,43,0,0
BRDA:326,43,1,0
BRDA:327,44,0,0
BRDA:327,44,1,0
BRDA:360,45,0,0
BRDA:360,45,1,0
BRDA:369,46,0,0
BRDA:369,46,1,0
BRDA:371,47,0,0
BRDA:371,47,1,0
BRDA:372,48,0,0
BRDA:372,48,1,0
BRDA:384,49,0,0
BRDA:384,49,1,0
BRDA:387,50,0,0
BRDA:387,50,1,0
BRDA:403,51,0,0
BRDA:403,51,1,0
BRDA:403,52,0,0
BRDA:403,52,1,0
BRDA:405,53,0,0
BRDA:405,53,1,0
BRDA:408,54,0,0
BRDA:408,54,1,0
BRDA:430,55,0,0
BRDA:430,55,1,0
BRDA:430,56,0,0
BRDA:430,56,1,0
BRDA:442,57,0,0
BRDA:442,57,1,0
BRDA:450,58,0,0
BRDA:450,58,1,0
BRDA:452,59,0,0
BRDA:452,59,1,0
BRDA:456,60,0,0
BRDA:456,60,1,0
BRDA:457,61,0,0
BRDA:457,61,1,0
BRDA:459,62,0,0
BRDA:459,62,1,0
BRDA:471,63,0,0
BRDA:471,63,1,0
BRDA:478,64,0,0
BRDA:478,64,1,0
BRDA:478,65,0,0
BRDA:478,65,1,0
BRDA:478,65,2,0
BRDA:478,65,3,0
BRDA:478,65,4,0
BRDA:486,66,0,0
BRDA:486,66,1,0
BRDA:495,67,0,0
BRDA:495,67,1,0
BRDA:510,68,0,0
BRDA:510,68,1,0
BRDA:523,69,0,0
BRDA:523,69,1,0
BRF:144
BRH:0
end_of_record
TN:
SF:public\forum\utils.js
FN:9,toggleComentarios
FN:33,curtirPublicacao
FNF:2
FNH:0
FNDA:0,toggleComentarios
FNDA:0,curtirPublicacao
DA:10,0
DA:11,0
DA:13,0
DA:14,0
DA:16,0
DA:18,0
DA:19,0
DA:20,0
DA:22,0
DA:23,0
DA:34,0
DA:36,0
DA:37,0
DA:38,0
DA:39,0
DA:42,0
DA:43,0
DA:44,0
DA:46,0
DA:48,0
DA:49,0
DA:50,0
DA:51,0
DA:55,0
DA:58,0
DA:59,0
DA:61,0
DA:69,0
DA:70,0
DA:73,0
DA:76,0
DA:77,0
DA:81,0
DA:82,0
DA:85,0
DA:86,0
DA:89,0
DA:90,0
DA:91,0
DA:92,0
DA:93,0
LF:41
LH:0
BRDA:11,0,0,0
BRDA:11,0,1,0
BRDA:14,1,0,0
BRDA:14,1,1,0
BRDA:18,2,0,0
BRDA:18,2,1,0
BRDA:34,3,0,0
BRDA:34,3,1,0
BRDA:34,4,0,0
BRDA:34,4,1,0
BRDA:37,5,0,0
BRDA:37,5,1,0
BRDA:48,6,0,0
BRDA:48,6,1,0
BRDA:49,7,0,0
BRDA:49,7,1,0
BRDA:50,8,0,0
BRDA:50,8,1,0
BRDA:58,9,0,0
BRDA:58,9,1,0
BRDA:59,10,0,0
BRDA:59,10,1,0
BRDA:69,11,0,0
BRDA:69,11,1,0
BRDA:76,12,0,0
BRDA:76,12,1,0
BRDA:76,13,0,0
BRDA:76,13,1,0
BRDA:81,14,0,0
BRDA:81,14,1,0
BRDA:82,15,0,0
BRDA:82,15,1,0
BRDA:90,16,0,0
BRDA:90,16,1,0
BRDA:91,17,0,0
BRDA:91,17,1,0
BRDA:92,18,0,0
BRDA:92,18,1,0
BRF:38
BRH:0
end_of_record
TN:
SF:public\perfil\perfil.js
FN:3,(anonymous_0)
FN:30,loadFollowCounts
FN:56,loadUserPublications
FN:125,(anonymous_3)
FN:144,loadCommentsForPublication
FN:152,(anonymous_5)
FN:175,curtirPublicacao
FN:213,(anonymous_7)
FN:237,(anonymous_8)
FN:261,(anonymous_9)
FN:263,(anonymous_10)
FN:271,(anonymous_11)
FN:290,(anonymous_12)
FN:307,(anonymous_13)
FN:308,(anonymous_14)
FN:325,(anonymous_15)
FN:337,(anonymous_16)
FN:347,(anonymous_17)
FN:385,(anonymous_18)
FN:390,(anonymous_19)
FN:395,(anonymous_20)
FN:420,(anonymous_21)
FN:469,(anonymous_22)
FN:483,setupInitialListeners
FNF:24
FNH:0
FNDA:0,(anonymous_0)
FNDA:0,loadFollowCounts
FNDA:0,loadUserPublications
FNDA:0,(anonymous_3)
FNDA:0,loadCommentsForPublication
FNDA:0,(anonymous_5)
FNDA:0,curtirPublicacao
FNDA:0,(anonymous_7)
FNDA:0,(anonymous_8)
FNDA:0,(anonymous_9)
FNDA:0,(anonymous_10)
FNDA:0,(anonymous_11)
FNDA:0,(anonymous_12)
FNDA:0,(anonymous_13)
FNDA:0,(anonymous_14)
FNDA:0,(anonymous_15)
FNDA:0,(anonymous_16)
FNDA:0,(anonymous_17)
FNDA:0,(anonymous_18)
FNDA:0,(anonymous_19)
FNDA:0,(anonymous_20)
FNDA:0,(anonymous_21)
FNDA:0,(anonymous_22)
FNDA:0,setupInitialListeners
DA:3,1
DA:5,0
DA:6,0
DA:7,0
DA:10,0
DA:11,0
DA:12,0
DA:13,0
DA:14,0
DA:18,0
DA:19,0
DA:20,0
DA:21,0
DA:22,0
DA:31,0
DA:32,0
DA:37,0
DA:38,0
DA:40,0
DA:41,0
DA:43,0
DA:44,0
DA:47,0
DA:48,0
DA:49,0
DA:57,0
DA:58,0
DA:59,0
DA:60,0
DA:62,0
DA:63,0
DA:64,0
DA:65,0
DA:66,0
DA:68,0
DA:69,0
DA:70,0
DA:73,0
DA:74,0
DA:75,0
DA:76,0
DA:79,0
DA:81,0
DA:103,0
DA:106,0
DA:107,0
DA:108,0
DA:111,0
DA:114,0
DA:115,0
DA:119,0
DA:120,0
DA:121,0
DA:122,0
DA:123,0
DA:125,0
DA:126,0
DA:130,0
DA:133,0
DA:134,0
DA:135,0
DA:145,0
DA:146,0
DA:147,0
DA:148,0
DA:150,0
DA:151,0
DA:152,0
DA:153,0
DA:154,0
DA:163,0
DA:166,0
DA:176,0
DA:177,0
DA:178,0
DA:180,0
DA:181,0
DA:187,0
DA:188,0
DA:189,0
DA:192,0
DA:193,0
DA:195,0
DA:196,0
DA:197,0
DA:198,0
DA:200,0
DA:201,0
DA:213,0
DA:214,0
DA:215,0
DA:221,0
DA:222,0
DA:223,0
DA:225,0
DA:227,0
DA:228,0
DA:229,0
DA:237,0
DA:238,0
DA:239,0
DA:243,0
DA:244,0
DA:245,0
DA:248,0
DA:249,0
DA:250,0
DA:252,0
DA:253,0
DA:261,0
DA:262,0
DA:263,0
DA:264,0
DA:271,0
DA:272,0
DA:273,0
DA:274,0
DA:275,0
DA:276,0
DA:277,0
DA:278,0
DA:279,0
DA:280,0
DA:282,0
DA:284,0
DA:285,0
DA:286,0
DA:287,0
DA:288,0
DA:290,0
DA:292,0
DA:293,0
DA:295,0
DA:303,0
DA:307,0
DA:308,0
DA:309,0
DA:310,0
DA:311,0
DA:312,0
DA:313,0
DA:317,0
DA:318,0
DA:321,0
DA:325,0
DA:326,0
DA:327,0
DA:328,0
DA:329,0
DA:330,0
DA:332,0
DA:333,0
DA:337,0
DA:338,0
DA:339,0
DA:347,0
DA:348,0
DA:382,0
DA:384,0
DA:385,0
DA:386,0
DA:387,0
DA:390,0
DA:391,0
DA:392,0
DA:395,0
DA:396,0
DA:397,0
DA:398,0
DA:399,0
DA:401,0
DA:402,0
DA:403,0
DA:404,0
DA:405,0
DA:406,0
DA:407,0
DA:408,0
DA:409,0
DA:410,0
DA:412,0
DA:420,0
DA:421,0
DA:422,0
DA:423,0
DA:424,0
DA:426,0
DA:427,0
DA:428,0
DA:430,0
DA:431,0
DA:432,0
DA:435,0
DA:436,0
DA:442,0
DA:443,0
DA:445,0
DA:446,0
DA:448,0
DA:449,0
DA:458,0
DA:459,0
DA:460,0
DA:462,0
DA:463,0
DA:469,0
DA:470,0
DA:471,0
DA:472,0
DA:473,0
DA:475,0
DA:476,0
DA:484,0
DA:485,0
DA:489,0
DA:490,0
DA:492,0
DA:493,0
DA:496,0
DA:497,0
DA:498,0
DA:499,0
DA:502,0
DA:503,0
DA:504,0
DA:505,0
DA:510,0
LF:227
LH:1
BRDA:5,0,0,0
BRDA:5,0,1,0
BRDA:6,1,0,0
BRDA:6,1,1,0
BRDA:10,2,0,0
BRDA:10,2,1,0
BRDA:37,3,0,0
BRDA:37,3,1,0
BRDA:38,4,0,0
BRDA:38,4,1,0
BRDA:59,5,0,0
BRDA:59,5,1,0
BRDA:68,6,0,0
BRDA:68,6,1,0
BRDA:79,7,0,0
BRDA:79,7,1,0
BRDA:85,8,0,0
BRDA:85,8,1,0
BRDA:94,9,0,0
BRDA:94,9,1,0
BRDA:106,10,0,0
BRDA:106,10,1,0
BRDA:106,11,0,0
BRDA:106,11,1,0
BRDA:106,11,2,0
BRDA:120,12,0,0
BRDA:120,12,1,0
BRDA:121,13,0,0
BRDA:121,13,1,0
BRDA:123,14,0,0
BRDA:123,14,1,0
BRDA:147,15,0,0
BRDA:147,15,1,0
BRDA:153,16,0,0
BRDA:153,16,1,0
BRDA:158,17,0,0
BRDA:158,17,1,0
BRDA:176,18,0,0
BRDA:176,18,1,0
BRDA:187,19,0,0
BRDA:187,19,1,0
BRDA:189,20,0,0
BRDA:189,20,1,0
BRDA:221,21,0,0
BRDA:221,21,1,0
BRDA:223,22,0,0
BRDA:223,22,1,0
BRDA:243,23,0,0
BRDA:243,23,1,0
BRDA:245,24,0,0
BRDA:245,24,1,0
BRDA:274,25,0,0
BRDA:274,25,1,0
BRDA:277,26,0,0
BRDA:277,26,1,0
BRDA:278,27,0,0
BRDA:278,27,1,0
BRDA:286,28,0,0
BRDA:286,28,1,0
BRDA:292,29,0,0
BRDA:292,29,1,0
BRDA:328,30,0,0
BRDA:328,30,1,0
BRDA:328,31,0,0
BRDA:328,31,1,0
BRDA:338,32,0,0
BRDA:338,32,1,0
BRDA:384,33,0,0
BRDA:384,33,1,0
BRDA:402,34,0,0
BRDA:402,34,1,0
BRDA:421,35,0,0
BRDA:421,35,1,0
BRDA:426,36,0,0
BRDA:426,36,1,0
BRDA:430,37,0,0
BRDA:430,37,1,0
BRDA:430,38,0,0
BRDA:430,38,1,0
BRDA:442,39,0,0
BRDA:442,39,1,0
BRDA:453,40,0,0
BRDA:453,40,1,0
BRDA:471,41,0,0
BRDA:471,41,1,0
BRDA:471,42,0,0
BRDA:471,42,1,0
BRDA:490,43,0,0
BRDA:490,43,1,0
BRDA:497,44,0,0
BRDA:497,44,1,0
BRDA:503,45,0,0
BRDA:503,45,1,0
BRF:93
BRH:0
end_of_record
